<?xml version="1.0" encoding="UTF-8"?>
<TestRun id="4c30b0cc-bb5b-40cc-81e6-9f485560237e" name="Ben@BEN-PC 2011-04-26 08:51:42" runUser="Ben-PC\Ben" xmlns="http://microsoft.com/schemas/VisualStudio/TeamTest/2010">
  <TestSettings name="Local" id="c861506c-41c5-4ad0-9b4f-c0cf5933bb63">
    <Description>These are default test settings for a local test run.</Description>
    <Deployment enabled="false" runDeploymentRoot="Ben_BEN-PC 2011-04-26 08_51_42" />
    <Execution>
      <TestTypeSpecific />
      <AgentRule name="Execution Agents">
      </AgentRule>
    </Execution>
  </TestSettings>
  <Times creation="2011-04-26T08:51:42.7661559+12:00" queuing="2011-04-26T08:51:43.0531723+12:00" start="2011-04-26T08:51:43.2741850+12:00" finish="2011-04-26T08:52:30.6328937+12:00" />
  <ResultSummary outcome="Failed">
    <Counters total="1" executed="1" error="0" failed="1" timeout="0" aborted="0" inconclusive="0" passedButRunAborted="0" notRunnable="0" notExecuted="0" disconnected="0" warning="0" passed="0" completed="0" inProgress="0" pending="0" />
  </ResultSummary>
  <TestDefinitions>
    <UnitTest name="GetPersonByID_Success" storage="e:\clients_nobackup\blackballarchitecture\blackballarchitecture.test\bin\debug\blackballarchitecture.test.dll" id="b12d6abb-88c4-db81-de97-7fbfd08b0e4e">
      <Execution timeOut="1800000" id="5a56deed-8c78-4541-8b3d-cada7aac7bdc" />
      <TestMethod codeBase="E:/Clients_NoBackup/BlackBallArchitecture/BlackBallArchitecture.Test/bin/Debug/BlackBallArchitecture.Test.DLL" adapterTypeName="Microsoft.VisualStudio.TestTools.TestTypes.Unit.UnitTestAdapter, Microsoft.VisualStudio.QualityTools.Tips.UnitTest.Adapter, Version=10.0.0.0, Culture=neutral, PublicKeyToken=b03f5f7f11d50a3a" className="BlackBallArchitecture.Test.PersonTests, BlackBallArchitecture.Test, Version=1.0.0.0, Culture=neutral, PublicKeyToken=null" name="GetPersonByID_Success" />
    </UnitTest>
  </TestDefinitions>
  <TestLists>
    <TestList name="Results Not in a List" id="8c84fa94-04c1-424b-9868-57a2d4851a1d" />
    <TestList name="All Loaded Results" id="19431567-8539-422a-85d7-44ee4e166bda" />
  </TestLists>
  <TestEntries>
    <TestEntry testId="b12d6abb-88c4-db81-de97-7fbfd08b0e4e" executionId="5a56deed-8c78-4541-8b3d-cada7aac7bdc" testListId="8c84fa94-04c1-424b-9868-57a2d4851a1d" />
  </TestEntries>
  <Results>
    <UnitTestResult executionId="5a56deed-8c78-4541-8b3d-cada7aac7bdc" testId="b12d6abb-88c4-db81-de97-7fbfd08b0e4e" testName="GetPersonByID_Success" computerName="BEN-PC" duration="00:00:40.1921261" startTime="2011-04-26T08:51:43.3311882+12:00" endTime="2011-04-26T08:52:23.6304932+12:00" testType="13cdc9d9-ddb5-4fa4-a97d-d965ccfc6d4b" outcome="Failed" testListId="8c84fa94-04c1-424b-9868-57a2d4851a1d" relativeResultsDirectory="5a56deed-8c78-4541-8b3d-cada7aac7bdc">
      <Output>
        <ErrorInfo>
          <Message>Assert.IsNotNull failed. </Message>
          <StackTrace>   at BlackBallArchitecture.Test.PersonTests.GetPersonByID_Success() in E:\Clients_NoBackup\BlackBallArchitecture\BlackBallArchitecture.Test\PersonTests.cs:line 55
</StackTrace>
        </ErrorInfo>
      </Output>
    </UnitTestResult>
  </Results>
</TestRun>