<?xml version="1.0" encoding="UTF-8"?>
<TestRun id="22170230-e41f-4b8e-9b7b-4e1004ea88e7" name="Ben@BEN-PC 2011-04-26 09:01:16" runUser="Ben-PC\Ben" xmlns="http://microsoft.com/schemas/VisualStudio/TeamTest/2010">
  <TestSettings name="Local" id="c861506c-41c5-4ad0-9b4f-c0cf5933bb63">
    <Description>These are default test settings for a local test run.</Description>
    <Deployment enabled="false" runDeploymentRoot="Ben_BEN-PC 2011-04-26 09_01_16" />
    <Execution>
      <TestTypeSpecific />
      <AgentRule name="Execution Agents">
      </AgentRule>
    </Execution>
  </TestSettings>
  <Times creation="2011-04-26T09:01:16.3259617+12:00" queuing="2011-04-26T09:01:16.6029775+12:00" start="2011-04-26T09:01:16.8279904+12:00" finish="2011-04-26T09:01:17.4180241+12:00" />
  <ResultSummary outcome="Completed">
    <Counters total="1" executed="1" passed="1" error="0" failed="0" timeout="0" aborted="0" inconclusive="0" passedButRunAborted="0" notRunnable="0" notExecuted="0" disconnected="0" warning="0" completed="0" inProgress="0" pending="0" />
  </ResultSummary>
  <TestDefinitions>
    <UnitTest name="GetAllPeople" storage="e:\clients_nobackup\blackballarchitecture\blackballarchitecture.test\bin\debug\blackballarchitecture.test.dll" id="1047af5d-498d-5abe-07e5-cfb92839c99b">
      <Execution timeOut="1800000" id="dd983aef-8c14-45ef-9516-f9620c414562" />
      <TestMethod codeBase="E:/Clients_NoBackup/BlackBallArchitecture/BlackBallArchitecture.Test/bin/Debug/BlackBallArchitecture.Test.DLL" adapterTypeName="Microsoft.VisualStudio.TestTools.TestTypes.Unit.UnitTestAdapter, Microsoft.VisualStudio.QualityTools.Tips.UnitTest.Adapter, Version=10.0.0.0, Culture=neutral, PublicKeyToken=b03f5f7f11d50a3a" className="BlackBallArchitecture.Test.PersonTests, BlackBallArchitecture.Test, Version=1.0.0.0, Culture=neutral, PublicKeyToken=null" name="GetAllPeople" />
    </UnitTest>
  </TestDefinitions>
  <TestLists>
    <TestList name="Results Not in a List" id="8c84fa94-04c1-424b-9868-57a2d4851a1d" />
    <TestList name="All Loaded Results" id="19431567-8539-422a-85d7-44ee4e166bda" />
  </TestLists>
  <TestEntries>
    <TestEntry testId="1047af5d-498d-5abe-07e5-cfb92839c99b" executionId="dd983aef-8c14-45ef-9516-f9620c414562" testListId="8c84fa94-04c1-424b-9868-57a2d4851a1d" />
  </TestEntries>
  <Results>
    <UnitTestResult executionId="dd983aef-8c14-45ef-9516-f9620c414562" testId="1047af5d-498d-5abe-07e5-cfb92839c99b" testName="GetAllPeople" computerName="BEN-PC" duration="00:00:00.4157389" startTime="2011-04-26T09:01:16.8819935+12:00" endTime="2011-04-26T09:01:17.3580207+12:00" testType="13cdc9d9-ddb5-4fa4-a97d-d965ccfc6d4b" outcome="Passed" testListId="8c84fa94-04c1-424b-9868-57a2d4851a1d" relativeResultsDirectory="dd983aef-8c14-45ef-9516-f9620c414562">
    </UnitTestResult>
  </Results>
</TestRun>