<?xml version="1.0" encoding="UTF-8"?>
<TestRun id="a07f0463-ec99-4dfc-a5e3-b5bfbab3d239" name="Ben@BEN-PC 2011-04-26 09:00:33" runUser="Ben-PC\Ben" xmlns="http://microsoft.com/schemas/VisualStudio/TeamTest/2010">
  <TestSettings name="Local" id="c861506c-41c5-4ad0-9b4f-c0cf5933bb63">
    <Description>These are default test settings for a local test run.</Description>
    <Deployment enabled="false" runDeploymentRoot="Ben_BEN-PC 2011-04-26 09_00_33" />
    <Execution>
      <TestTypeSpecific />
      <AgentRule name="Execution Agents">
      </AgentRule>
    </Execution>
  </TestSettings>
  <Times creation="2011-04-26T09:00:33.1914945+12:00" queuing="2011-04-26T09:00:35.8396460+12:00" start="2011-04-26T09:00:35.9826542+12:00" finish="2011-04-26T09:00:36.8377031+12:00" />
  <ResultSummary outcome="Completed">
    <Counters total="1" executed="1" passed="1" error="0" failed="0" timeout="0" aborted="0" inconclusive="0" passedButRunAborted="0" notRunnable="0" notExecuted="0" disconnected="0" warning="0" completed="0" inProgress="0" pending="0" />
  </ResultSummary>
  <TestDefinitions>
    <UnitTest name="GetPersonByID_Success" storage="e:\clients_nobackup\blackballarchitecture\blackballarchitecture.test\bin\debug\blackballarchitecture.test.dll" id="b12d6abb-88c4-db81-de97-7fbfd08b0e4e">
      <Execution timeOut="1800000" id="28df20aa-eed4-484c-9d32-e1b8703e21ad" />
      <TestMethod codeBase="E:/Clients_NoBackup/BlackBallArchitecture/BlackBallArchitecture.Test/bin/Debug/BlackBallArchitecture.Test.DLL" adapterTypeName="Microsoft.VisualStudio.TestTools.TestTypes.Unit.UnitTestAdapter, Microsoft.VisualStudio.QualityTools.Tips.UnitTest.Adapter, Version=10.0.0.0, Culture=neutral, PublicKeyToken=b03f5f7f11d50a3a" className="BlackBallArchitecture.Test.PersonTests, BlackBallArchitecture.Test, Version=1.0.0.0, Culture=neutral, PublicKeyToken=null" name="GetPersonByID_Success" />
    </UnitTest>
  </TestDefinitions>
  <TestLists>
    <TestList name="Results Not in a List" id="8c84fa94-04c1-424b-9868-57a2d4851a1d" />
    <TestList name="All Loaded Results" id="19431567-8539-422a-85d7-44ee4e166bda" />
  </TestLists>
  <TestEntries>
    <TestEntry testId="b12d6abb-88c4-db81-de97-7fbfd08b0e4e" executionId="28df20aa-eed4-484c-9d32-e1b8703e21ad" testListId="8c84fa94-04c1-424b-9868-57a2d4851a1d" />
  </TestEntries>
  <Results>
    <UnitTestResult executionId="28df20aa-eed4-484c-9d32-e1b8703e21ad" testId="b12d6abb-88c4-db81-de97-7fbfd08b0e4e" testName="GetPersonByID_Success" computerName="BEN-PC" duration="00:00:00.7187317" startTime="2011-04-26T09:00:36.0176562+12:00" endTime="2011-04-26T09:00:36.7857001+12:00" testType="13cdc9d9-ddb5-4fa4-a97d-d965ccfc6d4b" outcome="Passed" testListId="8c84fa94-04c1-424b-9868-57a2d4851a1d" relativeResultsDirectory="28df20aa-eed4-484c-9d32-e1b8703e21ad">
    </UnitTestResult>
  </Results>
</TestRun>