<?xml version="1.0" encoding="UTF-8"?>
<TestRun id="627705f7-1fa1-4128-af74-3ef9c08699dd" name="Ben@BEN-PC 2011-04-26 09:01:26" runUser="Ben-PC\Ben" xmlns="http://microsoft.com/schemas/VisualStudio/TeamTest/2010">
  <TestSettings name="Local" id="c861506c-41c5-4ad0-9b4f-c0cf5933bb63">
    <Description>These are default test settings for a local test run.</Description>
    <Deployment enabled="false" runDeploymentRoot="Ben_BEN-PC 2011-04-26 09_01_26" />
    <Execution>
      <TestTypeSpecific />
      <AgentRule name="Execution Agents">
      </AgentRule>
    </Execution>
  </TestSettings>
  <Times creation="2011-04-26T09:01:26.7685589+12:00" queuing="2011-04-26T09:01:27.8576212+12:00" start="2011-04-26T09:01:28.0066298+12:00" finish="2011-04-26T09:01:29.1606958+12:00" />
  <ResultSummary outcome="Completed">
    <Counters total="2" executed="2" passed="2" error="0" failed="0" timeout="0" aborted="0" inconclusive="0" passedButRunAborted="0" notRunnable="0" notExecuted="0" disconnected="0" warning="0" completed="0" inProgress="0" pending="0" />
  </ResultSummary>
  <TestDefinitions>
    <UnitTest name="GetPersonByID_Success" storage="e:\clients_nobackup\blackballarchitecture\blackballarchitecture.test\bin\debug\blackballarchitecture.test.dll" id="b12d6abb-88c4-db81-de97-7fbfd08b0e4e">
      <Execution timeOut="1800000" id="bf3f9db1-c145-4807-b15b-81b5c0d2e26b" />
      <TestMethod codeBase="E:/Clients_NoBackup/BlackBallArchitecture/BlackBallArchitecture.Test/bin/Debug/BlackBallArchitecture.Test.DLL" adapterTypeName="Microsoft.VisualStudio.TestTools.TestTypes.Unit.UnitTestAdapter, Microsoft.VisualStudio.QualityTools.Tips.UnitTest.Adapter, Version=10.0.0.0, Culture=neutral, PublicKeyToken=b03f5f7f11d50a3a" className="BlackBallArchitecture.Test.PersonTests, BlackBallArchitecture.Test, Version=1.0.0.0, Culture=neutral, PublicKeyToken=null" name="GetPersonByID_Success" />
    </UnitTest>
    <UnitTest name="GetAllPeople" storage="e:\clients_nobackup\blackballarchitecture\blackballarchitecture.test\bin\debug\blackballarchitecture.test.dll" id="1047af5d-498d-5abe-07e5-cfb92839c99b">
      <Execution timeOut="1800000" id="4ed4340d-bfa5-4df3-9395-213f1d8dbffd" />
      <TestMethod codeBase="E:/Clients_NoBackup/BlackBallArchitecture/BlackBallArchitecture.Test/bin/Debug/BlackBallArchitecture.Test.DLL" adapterTypeName="Microsoft.VisualStudio.TestTools.TestTypes.Unit.UnitTestAdapter, Microsoft.VisualStudio.QualityTools.Tips.UnitTest.Adapter, Version=10.0.0.0, Culture=neutral, PublicKeyToken=b03f5f7f11d50a3a" className="BlackBallArchitecture.Test.PersonTests, BlackBallArchitecture.Test, Version=1.0.0.0, Culture=neutral, PublicKeyToken=null" name="GetAllPeople" />
    </UnitTest>
  </TestDefinitions>
  <TestLists>
    <TestList name="Results Not in a List" id="8c84fa94-04c1-424b-9868-57a2d4851a1d" />
    <TestList name="All Loaded Results" id="19431567-8539-422a-85d7-44ee4e166bda" />
  </TestLists>
  <TestEntries>
    <TestEntry testId="1047af5d-498d-5abe-07e5-cfb92839c99b" executionId="4ed4340d-bfa5-4df3-9395-213f1d8dbffd" testListId="8c84fa94-04c1-424b-9868-57a2d4851a1d" />
    <TestEntry testId="b12d6abb-88c4-db81-de97-7fbfd08b0e4e" executionId="bf3f9db1-c145-4807-b15b-81b5c0d2e26b" testListId="8c84fa94-04c1-424b-9868-57a2d4851a1d" />
  </TestEntries>
  <Results>
    <UnitTestResult executionId="4ed4340d-bfa5-4df3-9395-213f1d8dbffd" testId="1047af5d-498d-5abe-07e5-cfb92839c99b" testName="GetAllPeople" computerName="BEN-PC" duration="00:00:00.5946525" startTime="2011-04-26T09:01:28.0436319+12:00" endTime="2011-04-26T09:01:28.6876687+12:00" testType="13cdc9d9-ddb5-4fa4-a97d-d965ccfc6d4b" outcome="Passed" testListId="8c84fa94-04c1-424b-9868-57a2d4851a1d" relativeResultsDirectory="4ed4340d-bfa5-4df3-9395-213f1d8dbffd">
    </UnitTestResult>
    <UnitTestResult executionId="bf3f9db1-c145-4807-b15b-81b5c0d2e26b" testId="b12d6abb-88c4-db81-de97-7fbfd08b0e4e" testName="GetPersonByID_Success" computerName="BEN-PC" duration="00:00:00.4204731" startTime="2011-04-26T09:01:28.6896688+12:00" endTime="2011-04-26T09:01:29.1106929+12:00" testType="13cdc9d9-ddb5-4fa4-a97d-d965ccfc6d4b" outcome="Passed" testListId="8c84fa94-04c1-424b-9868-57a2d4851a1d" relativeResultsDirectory="bf3f9db1-c145-4807-b15b-81b5c0d2e26b">
    </UnitTestResult>
  </Results>
</TestRun>