<?xml version="1.0" encoding="UTF-8"?>
<TestRun id="57781852-1564-41ed-a752-05fc54b52486" name="Ben@BEN-PC 2011-04-26 08:36:07" runUser="Ben-PC\Ben" xmlns="http://microsoft.com/schemas/VisualStudio/TeamTest/2010">
  <TestSettings name="Local" id="c861506c-41c5-4ad0-9b4f-c0cf5933bb63">
    <Description>These are default test settings for a local test run.</Description>
    <Deployment enabled="false" runDeploymentRoot="Ben_BEN-PC 2011-04-26 08_36_07">
      <DeploymentItem filename="E:\Clients_NoBackup\BlackBallArchitecture\Lib\Unity\Microsoft.Practices.ObjectBuilder2.dll" />
      <DeploymentItem filename="E:\Clients_NoBackup\BlackBallArchitecture\Lib\Unity\Microsoft.Practices.Unity.dll" />
      <DeploymentItem filename="E:\Clients_NoBackup\BlackBallArchitecture\BlackBallArchitecture.Contracts\bin\Debug\BlackBallArchitecture.Contracts.dll" />
      <DeploymentItem filename="E:\Clients_NoBackup\BlackBallArchitecture\BlackBallArchitecture.Dependency\bin\Debug\BlackBallArchitecture.Dependency.dll" />
      <DeploymentItem filename="E:\Clients_NoBackup\BlackBallArchitecture\BlackBallArchitecture.Data\bin\Debug\BlackBallArchitecture.Data.dll" />
      <DeploymentItem filename="E:\Clients_NoBackup\BlackBallArchitecture\Lib\Unity\Microsoft.Practices.Unity.Configuration.dll" />
    </Deployment>
    <Execution>
      <TestTypeSpecific />
      <AgentRule name="Execution Agents">
      </AgentRule>
    </Execution>
  </TestSettings>
  <Times creation="2011-04-26T08:36:07.7576765+12:00" queuing="2011-04-26T08:36:07.7806778+12:00" start="2011-04-26T08:36:07.7846780+12:00" finish="2011-04-26T08:36:07.9506875+12:00" />
  <ResultSummary outcome="Error">
    <Counters total="1" executed="1" error="1" failed="0" timeout="0" aborted="0" inconclusive="0" passedButRunAborted="0" notRunnable="0" notExecuted="0" disconnected="0" warning="0" passed="0" completed="0" inProgress="0" pending="0" />
  </ResultSummary>
  <TestDefinitions>
    <UnitTest name="GetPersonByID_Success" storage="e:\clients_nobackup\blackballarchitecture\blackballarchitecture.test\bin\debug\blackballarchitecture.test.dll" id="b12d6abb-88c4-db81-de97-7fbfd08b0e4e">
      <Execution id="1c6d542e-6fb4-4721-92c2-eb22c79375db" />
      <TestMethod codeBase="E:/Clients_NoBackup/BlackBallArchitecture/BlackBallArchitecture.Test/bin/Debug/BlackBallArchitecture.Test.DLL" adapterTypeName="Microsoft.VisualStudio.TestTools.TestTypes.Unit.UnitTestAdapter, Microsoft.VisualStudio.QualityTools.Tips.UnitTest.Adapter, Version=10.0.0.0, Culture=neutral, PublicKeyToken=b03f5f7f11d50a3a" className="BlackBallArchitecture.Test.PersonTests, BlackBallArchitecture.Test, Version=1.0.0.0, Culture=neutral, PublicKeyToken=null" name="GetPersonByID_Success" />
    </UnitTest>
  </TestDefinitions>
  <TestLists>
    <TestList name="Results Not in a List" id="8c84fa94-04c1-424b-9868-57a2d4851a1d" />
    <TestList name="All Loaded Results" id="19431567-8539-422a-85d7-44ee4e166bda" />
  </TestLists>
  <TestEntries>
    <TestEntry testId="b12d6abb-88c4-db81-de97-7fbfd08b0e4e" executionId="1c6d542e-6fb4-4721-92c2-eb22c79375db" testListId="8c84fa94-04c1-424b-9868-57a2d4851a1d" />
  </TestEntries>
  <Results>
    <UnitTestResult executionId="1c6d542e-6fb4-4721-92c2-eb22c79375db" testId="b12d6abb-88c4-db81-de97-7fbfd08b0e4e" testName="GetPersonByID_Success" computerName="BEN-PC" startTime="2011-04-26T08:36:07.7936786+12:00" endTime="2011-04-26T08:36:07.9396869+12:00" testType="13cdc9d9-ddb5-4fa4-a97d-d965ccfc6d4b" testListId="8c84fa94-04c1-424b-9868-57a2d4851a1d" relativeResultsDirectory="1c6d542e-6fb4-4721-92c2-eb22c79375db">
      <Output>
        <ErrorInfo>
          <Message>Method BlackBallArchitecture.Test.PersonTests.SetUp has wrong signature.  The method should have 1 parameters.</Message>
        </ErrorInfo>
      </Output>
    </UnitTestResult>
  </Results>
</TestRun>