<?xml version="1.0" encoding="UTF-8"?>
<TestRun id="f9a4686e-cfd4-425b-9d6e-4478e2728b23" name="Ben@BEN-PC 2011-04-26 08:35:43" runUser="Ben-PC\Ben" xmlns="http://microsoft.com/schemas/VisualStudio/TeamTest/2010">
  <TestSettings name="Local" id="c861506c-41c5-4ad0-9b4f-c0cf5933bb63">
    <Description>These are default test settings for a local test run.</Description>
    <Deployment enabled="false" runDeploymentRoot="Ben_BEN-PC 2011-04-26 08_35_43">
      <DeploymentItem filename="E:\Clients_NoBackup\BlackBallArchitecture\Lib\Unity\Microsoft.Practices.ObjectBuilder2.dll" />
      <DeploymentItem filename="E:\Clients_NoBackup\BlackBallArchitecture\Lib\Unity\Microsoft.Practices.Unity.dll" />
      <DeploymentItem filename="E:\Clients_NoBackup\BlackBallArchitecture\BlackBallArchitecture.Contracts\bin\Debug\BlackBallArchitecture.Contracts.dll" />
      <DeploymentItem filename="E:\Clients_NoBackup\BlackBallArchitecture\BlackBallArchitecture.Dependency\bin\Debug\BlackBallArchitecture.Dependency.dll" />
      <DeploymentItem filename="E:\Clients_NoBackup\BlackBallArchitecture\BlackBallArchitecture.Data\bin\Debug\BlackBallArchitecture.Data.dll" />
      <DeploymentItem filename="E:\Clients_NoBackup\BlackBallArchitecture\Lib\Unity\Microsoft.Practices.Unity.Configuration.dll" />
    </Deployment>
    <Execution>
      <TestTypeSpecific />
      <AgentRule name="Execution Agents">
      </AgentRule>
    </Execution>
  </TestSettings>
  <Times creation="2011-04-26T08:35:43.2842767+12:00" queuing="2011-04-26T08:35:44.0623212+12:00" start="2011-04-26T08:35:44.1133241+12:00" finish="2011-04-26T08:35:44.6753563+12:00" />
  <ResultSummary outcome="Error">
    <Counters total="1" executed="1" error="1" failed="0" timeout="0" aborted="0" inconclusive="0" passedButRunAborted="0" notRunnable="0" notExecuted="0" disconnected="0" warning="0" passed="0" completed="0" inProgress="0" pending="0" />
  </ResultSummary>
  <TestDefinitions>
    <UnitTest name="GetPersonByID_Success" storage="e:\clients_nobackup\blackballarchitecture\blackballarchitecture.test\bin\debug\blackballarchitecture.test.dll" id="b12d6abb-88c4-db81-de97-7fbfd08b0e4e">
      <Execution id="93364585-f8d4-4510-910c-d230e69c14a3" />
      <TestMethod codeBase="E:/Clients_NoBackup/BlackBallArchitecture/BlackBallArchitecture.Test/bin/Debug/BlackBallArchitecture.Test.DLL" adapterTypeName="Microsoft.VisualStudio.TestTools.TestTypes.Unit.UnitTestAdapter, Microsoft.VisualStudio.QualityTools.Tips.UnitTest.Adapter, Version=10.0.0.0, Culture=neutral, PublicKeyToken=b03f5f7f11d50a3a" className="BlackBallArchitecture.Test.PersonTests, BlackBallArchitecture.Test, Version=1.0.0.0, Culture=neutral, PublicKeyToken=null" name="GetPersonByID_Success" />
    </UnitTest>
  </TestDefinitions>
  <TestLists>
    <TestList name="Results Not in a List" id="8c84fa94-04c1-424b-9868-57a2d4851a1d" />
    <TestList name="All Loaded Results" id="19431567-8539-422a-85d7-44ee4e166bda" />
  </TestLists>
  <TestEntries>
    <TestEntry testId="b12d6abb-88c4-db81-de97-7fbfd08b0e4e" executionId="93364585-f8d4-4510-910c-d230e69c14a3" testListId="8c84fa94-04c1-424b-9868-57a2d4851a1d" />
  </TestEntries>
  <Results>
    <UnitTestResult executionId="93364585-f8d4-4510-910c-d230e69c14a3" testId="b12d6abb-88c4-db81-de97-7fbfd08b0e4e" testName="GetPersonByID_Success" computerName="BEN-PC" startTime="2011-04-26T08:35:44.1213246+12:00" endTime="2011-04-26T08:35:44.4563437+12:00" testType="13cdc9d9-ddb5-4fa4-a97d-d965ccfc6d4b" testListId="8c84fa94-04c1-424b-9868-57a2d4851a1d" relativeResultsDirectory="93364585-f8d4-4510-910c-d230e69c14a3">
      <Output>
        <ErrorInfo>
          <Message>Method BlackBallArchitecture.Test.PersonTests.SetUp has wrong signature.  The method should be marked public.</Message>
        </ErrorInfo>
      </Output>
    </UnitTestResult>
  </Results>
</TestRun>